<?xml version="1.0" encoding="UTF-8"?><testsuite errors="1" failures="0" name="time.sc.features.search.EditUserProfileStory" skipped="0" tests="1" time="46.22" timestamp="2016-05-135 03:39:09"><testcase classname="time.sc.features.search.EditUserProfileStory" name="Edit name"><error message="Could not instantiate class org.openqa.selenium.firefox.FirefoxDriver" type="net.thucydides.core.webdriver.UnsupportedDriverException">Could not instantiate class org.openqa.selenium.firefox.FirefoxDriver</error><system-err>Could not instantiate class org.openqa.selenium.firefox.FirefoxDriver
time.sc.steps.serenity.EndUserSteps.open_signin_page(EndUserSteps.java:33)
time.sc.features.search.EditUserProfileStory.edit_name(EditUserProfileStory.java:27)
org.eclipse.jdt.internal.junit4.runner.JUnit4TestReference.run(JUnit4TestReference.java:86)
org.eclipse.jdt.internal.junit.runner.TestExecution.run(TestExecution.java:38)
org.eclipse.jdt.internal.junit.runner.RemoteTestRunner.runTests(RemoteTestRunner.java:459)
org.eclipse.jdt.internal.junit.runner.RemoteTestRunner.runTests(RemoteTestRunner.java:675)
org.eclipse.jdt.internal.junit.runner.RemoteTestRunner.run(RemoteTestRunner.java:382)
org.eclipse.jdt.internal.junit.runner.RemoteTestRunner.main(RemoteTestRunner.java:192)
</system-err></testcase></testsuite>